<?xml version="1.0" encoding="UTF-8" ?>
<testsuite errors="0" failures="0" hostname="User-PC" name="tests.VerificationPointTest" skipped="0" tests="1" time="14.736" timestamp="2018-03-19T10:10:30">
  <properties>
[...]
</properties>
  <testcase classname="tests.VerificationPointTest" name="testMyFirstWebDriver" time="14.606" />
  <system-out><![CDATA[Mandatory Error Check for Location field PASSED. Actual Location Field Error is (Fields marked with Red asterix (*) are mandatory)
Page title is CORRECT. Actual Page Title is AdactIn.com - Search Hotel
The search results are CORRECT
]]></system-out>
  <system-err><![CDATA[1521454231499	geckodriver	INFO	geckodriver 0.19.1
1521454231509	geckodriver	INFO	Listening on 127.0.0.1:10403
1521454231912	mozrunner::runner	INFO	Running command: "C:\\Program Files\\Mozilla Firefox\\firefox.exe" "-marionette" "-profile" "C:\\Users\\User\\AppData\\Local\\Temp\\rust_mozprofile.oK9x00DmAWHd"
1521454237433	Marionette	INFO	Listening on port 57758
1521454237892	Marionette	WARN	TLS certificate errors will be ignored for this session
Mar 19, 2018 10:10:37 AM org.openqa.selenium.remote.ProtocolHandshake createSession
INFO: Detected dialect: W3C
JavaScript warning: http://code.jquery.com/jquery-1.10.2.min.js, line 1: Using //@ to indicate sourceMappingURL pragmas is deprecated. Use //# instead
1521454244469	Marionette	INFO	New connections will no longer be accepted
]]></system-err>
</testsuite>
